<?xml version="1.0" encoding="UTF-8"?>
<testsuite xmlns:xsi="http://www.w3.org/2001/XMLSchema-instance" xsi:noNamespaceSchemaLocation="https://maven.apache.org/surefire/maven-surefire-plugin/xsd/surefire-test-report.xsd" name="com.mobiquity.packer.PackerTest" time="0.195" tests="5" errors="0" skipped="0" failures="0">
  <properties>
    <property name="java.specification.version" value="17"/>
    <property name="sun.jnu.encoding" value="UTF-8"/>
    <property name="java.class.path" value="/Users/rosfranlinsborges/dev/Mobiquity/skeleton_java/target/test-classes:/Users/rosfranlinsborges/dev/Mobiquity/skeleton_java/target/classes:/Users/rosfranlinsborges/.m2/repository/org/junit/jupiter/junit-jupiter-api/5.1.0/junit-jupiter-api-5.1.0.jar:/Users/rosfranlinsborges/.m2/repository/org/apiguardian/apiguardian-api/1.0.0/apiguardian-api-1.0.0.jar:/Users/rosfranlinsborges/.m2/repository/org/opentest4j/opentest4j/1.0.0/opentest4j-1.0.0.jar:/Users/rosfranlinsborges/.m2/repository/org/junit/platform/junit-platform-commons/1.1.0/junit-platform-commons-1.1.0.jar:/Users/rosfranlinsborges/.m2/repository/org/junit/jupiter/junit-jupiter-engine/5.1.0/junit-jupiter-engine-5.1.0.jar:/Users/rosfranlinsborges/.m2/repository/org/junit/platform/junit-platform-engine/1.1.0/junit-platform-engine-1.1.0.jar:"/>
    <property name="java.vm.vendor" value="Homebrew"/>
    <property name="sun.arch.data.model" value="64"/>
    <property name="java.vendor.url" value="https://github.com/Homebrew/homebrew-core/issues"/>
    <property name="os.name" value="Mac OS X"/>
    <property name="java.vm.specification.version" value="17"/>
    <property name="sun.java.launcher" value="SUN_STANDARD"/>
    <property name="user.country" value="BR"/>
    <property name="sun.boot.library.path" value="/usr/local/Cellar/openjdk/17/libexec/openjdk.jdk/Contents/Home/lib"/>
    <property name="sun.java.command" value="/Users/rosfranlinsborges/dev/Mobiquity/skeleton_java/target/surefire/surefirebooter3494691356651000114.jar /Users/rosfranlinsborges/dev/Mobiquity/skeleton_java/target/surefire 2023-04-25T11-18-31_663-jvmRun1 surefire14551787170130076428tmp surefire_17624956994161737675tmp"/>
    <property name="http.nonProxyHosts" value="local|*.local|169.254/16|*.169.254/16"/>
    <property name="jdk.debug" value="release"/>
    <property name="surefire.test.class.path" value="/Users/rosfranlinsborges/dev/Mobiquity/skeleton_java/target/test-classes:/Users/rosfranlinsborges/dev/Mobiquity/skeleton_java/target/classes:/Users/rosfranlinsborges/.m2/repository/org/junit/jupiter/junit-jupiter-api/5.1.0/junit-jupiter-api-5.1.0.jar:/Users/rosfranlinsborges/.m2/repository/org/apiguardian/apiguardian-api/1.0.0/apiguardian-api-1.0.0.jar:/Users/rosfranlinsborges/.m2/repository/org/opentest4j/opentest4j/1.0.0/opentest4j-1.0.0.jar:/Users/rosfranlinsborges/.m2/repository/org/junit/platform/junit-platform-commons/1.1.0/junit-platform-commons-1.1.0.jar:/Users/rosfranlinsborges/.m2/repository/org/junit/jupiter/junit-jupiter-engine/5.1.0/junit-jupiter-engine-5.1.0.jar:/Users/rosfranlinsborges/.m2/repository/org/junit/platform/junit-platform-engine/1.1.0/junit-platform-engine-1.1.0.jar:"/>
    <property name="sun.cpu.endian" value="little"/>
    <property name="user.home" value="/Users/rosfranlinsborges"/>
    <property name="user.language" value="pt"/>
    <property name="java.specification.vendor" value="Oracle Corporation"/>
    <property name="java.version.date" value="2021-09-14"/>
    <property name="java.home" value="/usr/local/Cellar/openjdk/17/libexec/openjdk.jdk/Contents/Home"/>
    <property name="file.separator" value="/"/>
    <property name="basedir" value="/Users/rosfranlinsborges/dev/Mobiquity/skeleton_java"/>
    <property name="java.vm.compressedOopsMode" value="Zero based"/>
    <property name="line.separator" value="&#10;"/>
    <property name="java.specification.name" value="Java Platform API Specification"/>
    <property name="java.vm.specification.vendor" value="Oracle Corporation"/>
    <property name="surefire.real.class.path" value="/Users/rosfranlinsborges/dev/Mobiquity/skeleton_java/target/surefire/surefirebooter3494691356651000114.jar"/>
    <property name="sun.management.compiler" value="HotSpot 64-Bit Tiered Compilers"/>
    <property name="ftp.nonProxyHosts" value="local|*.local|169.254/16|*.169.254/16"/>
    <property name="java.runtime.version" value="17+0"/>
    <property name="user.name" value="rosfranlinsborges"/>
    <property name="path.separator" value=":"/>
    <property name="os.version" value="13.3.1"/>
    <property name="java.runtime.name" value="OpenJDK Runtime Environment"/>
    <property name="file.encoding" value="UTF-8"/>
    <property name="java.vm.name" value="OpenJDK 64-Bit Server VM"/>
    <property name="java.vendor.version" value="Homebrew"/>
    <property name="localRepository" value="/Users/rosfranlinsborges/.m2/repository"/>
    <property name="java.vendor.url.bug" value="https://github.com/Homebrew/homebrew-core/issues"/>
    <property name="java.io.tmpdir" value="/var/folders/bq/p5m8tn595zgbrljbvjq8z5cr0000gn/T/"/>
    <property name="java.version" value="17"/>
    <property name="user.dir" value="/Users/rosfranlinsborges/dev/Mobiquity/skeleton_java"/>
    <property name="os.arch" value="x86_64"/>
    <property name="java.vm.specification.name" value="Java Virtual Machine Specification"/>
    <property name="native.encoding" value="UTF-8"/>
    <property name="java.library.path" value="/Users/rosfranlinsborges/Library/Java/Extensions:/Library/Java/Extensions:/Network/Library/Java/Extensions:/System/Library/Java/Extensions:/usr/lib/java:."/>
    <property name="java.vm.info" value="mixed mode, sharing"/>
    <property name="java.vendor" value="Homebrew"/>
    <property name="java.vm.version" value="17+0"/>
    <property name="sun.io.unicode.encoding" value="UnicodeBig"/>
    <property name="socksNonProxyHosts" value="local|*.local|169.254/16|*.169.254/16"/>
    <property name="java.class.version" value="61.0"/>
  </properties>
  <testcase name="testInvalidCaseMaxCapacity" classname="com.mobiquity.packer.PackerTest" time="0.053"/>
  <testcase name="testInvalidCaseMaxItensSize" classname="com.mobiquity.packer.PackerTest" time="0.004"/>
  <testcase name="testInvalidCaseMaxCosttItem" classname="com.mobiquity.packer.PackerTest" time="0.005"/>
  <testcase name="testMainCases" classname="com.mobiquity.packer.PackerTest" time="0.078"/>
  <testcase name="testInvalidCaseMaxWeightItem" classname="com.mobiquity.packer.PackerTest" time="0.017"/>
</testsuite>